[INFO ] 2019-10-16 11:05:48.238 [main] Main - Début d'une nouvelle partie
[INFO ] 2019-10-16 11:07:28.015 [main] GameMethode - Saisie utilisateur :1
[INFO ] 2019-10-16 11:07:28.015 [main] Gamechoice - Mode choisi par l'utilisateur : 1
[INFO ] 2019-10-16 11:07:30.171 [main] GameMethode - Saisie utilisateur :6
[INFO ] 2019-10-16 11:07:30.171 [main] HumanPlayer - Définition de la taille de combinaison souhaité : 6
[INFO ] 2019-10-16 11:07:30.171 [main] HumanPlayer - Combinaison définie par l'IA : 997078
[INFO ] 2019-10-16 11:07:39.297 [main] Main - Début d'une nouvelle partie
[INFO ] 2019-10-16 11:07:44.922 [main] GameMethode - Saisie utilisateur :3
[INFO ] 2019-10-16 11:07:44.922 [main] Gamechoice - Mode choisi par l'utilisateur : 3
[ERROR] 2019-10-16 11:07:50.077 [main] GameMethode - Erreur :BadCharException
[ERROR] 2019-10-16 11:07:52.279 [main] GameMethode - Erreur :BadCharException
[INFO ] 2019-10-16 11:07:58.782 [main] HumanPlayer - Combinaison définie : 34
[INFO ] 2019-10-16 11:07:58.782 [main] HumanPlayer - Combinaison définie par l'IA : 04
[INFO ] 2019-10-16 11:07:58.782 [main] HumanPlayer - Tentative de l'IA : 29
[INFO ] 2019-10-16 11:08:41.482 [main] HumanPlayer - Réponse du joueur: 66
[INFO ] 2019-10-16 11:08:49.312 [main] HumanPlayer - Réponse du joueur: --
[INFO ] 2019-10-16 11:08:53.217 [main] HumanPlayer - Réponse du joueur: ++
[INFO ] 2019-10-16 11:09:04.343 [main] HumanPlayer - Réponse du joueur: -+
[INFO ] 2019-10-16 11:09:08.373 [main] HumanPlayer - Réponse du joueur: +-
[INFO ] 2019-10-16 11:09:11.279 [main] HumanPlayer - Tentative n°1 du joueur :67
[INFO ] 2019-10-16 11:09:11.279 [main] HumanPlayer - Réponse de l'IA : --
[INFO ] 2019-10-16 11:09:11.279 [main] HumanPlayer - Tentative de l'IA : 50
[INFO ] 2019-10-16 11:09:24.827 [main] HumanPlayer - Réponse du joueur: -+
[INFO ] 2019-10-16 11:09:28.654 [main] HumanPlayer - Tentative n°2 du joueur :04
[INFO ] 2019-10-16 11:09:28.654 [main] HumanPlayer - Réponse de l'IA : ==
[INFO ] 2019-10-16 11:09:28.654 [main] GamePlay - Victoire joueur 2
[INFO ] 2019-10-16 11:09:36.377 [main] GameMethode - Saisie utilisateur :3
[INFO ] 2019-10-16 11:09:36.392 [main] Gamechoice - Mode fin de jeu choisi :3
[INFO ] 2019-10-16 11:22:28.564 [main] Main - Début d'une nouvelle partie
[INFO ] 2019-10-16 11:22:32.359 [main] GameMethode - Saisie utilisateur :1
[INFO ] 2019-10-16 11:22:32.359 [main] Gamechoice - Mode choisi par l'utilisateur : 1
[INFO ] 2019-10-16 11:22:37.295 [main] GameMethode - Saisie utilisateur :3
[INFO ] 2019-10-16 11:22:37.295 [main] HumanPlayer - Définition de la taille de combinaison souhaité : 3
[INFO ] 2019-10-16 11:22:37.295 [main] HumanPlayer - Combinaison définie par l'IA : 737
[INFO ] 2019-10-16 11:22:42.310 [main] HumanPlayer - Tentative n°1 du joueur :678
[INFO ] 2019-10-16 11:22:42.310 [main] HumanPlayer - Réponse de l'IA : +--
[INFO ] 2019-10-16 11:22:56.001 [main] HumanPlayer - Tentative n°2 du joueur :890
[INFO ] 2019-10-16 11:22:56.001 [main] HumanPlayer - Réponse de l'IA : --+
[INFO ] 2019-10-16 11:23:11.559 [main] HumanPlayer - Tentative n°3 du joueur :90
[INFO ] 2019-10-16 11:23:16.966 [main] HumanPlayer - Tentative n°3 du joueur :799
[INFO ] 2019-10-16 11:23:16.966 [main] HumanPlayer - Réponse de l'IA : =--
[INFO ] 2019-10-16 11:24:04.732 [main] Main - Début d'une nouvelle partie
[INFO ] 2019-10-16 11:24:10.544 [main] GameMethode - Saisie utilisateur :2
[INFO ] 2019-10-16 11:24:10.544 [main] Gamechoice - Mode choisi par l'utilisateur : 2
[INFO ] 2019-10-16 11:24:14.796 [main] HumanPlayer - Combinaison définie : 5678
[INFO ] 2019-10-16 11:24:14.812 [main] HumanPlayer - Tentative de l'IA : 4763
[INFO ] 2019-10-16 11:24:28.184 [main] HumanPlayer - Réponse du joueur: +-+6
[INFO ] 2019-10-16 11:24:32.717 [main] HumanPlayer - Réponse du joueur: +-+-
[INFO ] 2019-10-16 11:24:37.717 [main] HumanPlayer - Réponse du joueur: -+-+
[INFO ] 2019-10-16 11:24:55.497 [main] HumanPlayer - Réponse du joueur: --+-
[INFO ] 2019-10-16 11:25:04.016 [main] HumanPlayer - Réponse du joueur: ++-+
[INFO ] 2019-10-16 11:25:34.999 [main] HumanPlayer - Réponse du joueur: +-+-
[INFO ] 2019-10-16 11:26:09.360 [main] Main - Début d'une nouvelle partie
[INFO ] 2019-10-16 11:26:11.235 [main] GameMethode - Saisie utilisateur :2
[INFO ] 2019-10-16 11:26:11.235 [main] Gamechoice - Mode choisi par l'utilisateur : 2
[INFO ] 2019-10-16 11:26:13.594 [main] HumanPlayer - Combinaison définie : 678
[INFO ] 2019-10-16 11:26:13.594 [main] HumanPlayer - Tentative de l'IA : 363
[INFO ] 2019-10-16 11:26:31.280 [main] Main - Début d'une nouvelle partie
[INFO ] 2019-10-16 11:26:33.435 [main] GameMethode - Saisie utilisateur :2
[INFO ] 2019-10-16 11:26:33.435 [main] Gamechoice - Mode choisi par l'utilisateur : 2
[INFO ] 2019-10-16 11:26:35.326 [main] HumanPlayer - Combinaison définie : 567
[INFO ] 2019-10-16 11:26:35.326 [main] HumanPlayer - Tentative de l'IA : 155
[INFO ] 2019-10-16 11:26:37.435 [main] HumanPlayer - Réponse du joueur: +++
[INFO ] 2019-10-16 11:26:37.435 [main] HumanPlayer - Tentative de l'IA : 667
[INFO ] 2019-10-16 11:26:43.639 [main] HumanPlayer - Réponse du joueur: -==
[INFO ] 2019-10-16 11:26:43.639 [main] HumanPlayer - Tentative de l'IA : 267
[INFO ] 2019-10-16 11:26:48.232 [main] HumanPlayer - Réponse du joueur: +==
[INFO ] 2019-10-16 11:26:48.232 [main] HumanPlayer - Tentative de l'IA : 467
[INFO ] 2019-10-16 11:49:44.357 [main] Main - Début d'une nouvelle partie
[INFO ] 2019-10-16 11:49:54.014 [main] GameMethode - Saisie utilisateur :2
[INFO ] 2019-10-16 11:49:54.014 [main] Gamechoice - Mode choisi par l'utilisateur : 2
[INFO ] 2019-10-16 11:49:57.560 [main] HumanPlayer - Combinaison définie : 567
[INFO ] 2019-10-16 11:49:57.560 [main] HumanPlayer - Tentative de l'IA : 978
[INFO ] 2019-10-16 11:50:05.079 [main] Main - Début d'une nouvelle partie
[INFO ] 2019-10-16 11:50:07.313 [main] GameMethode - Saisie utilisateur :2
[INFO ] 2019-10-16 11:50:07.313 [main] Gamechoice - Mode choisi par l'utilisateur : 2
[INFO ] 2019-10-16 11:50:10.390 [main] HumanPlayer - Combinaison définie : 1
[INFO ] 2019-10-16 11:50:10.390 [main] HumanPlayer - Tentative de l'IA : 8
[INFO ] 2019-10-16 11:50:18.744 [main] Main - Début d'une nouvelle partie
[INFO ] 2019-10-16 11:50:20.780 [main] GameMethode - Saisie utilisateur :2
[INFO ] 2019-10-16 11:50:20.780 [main] Gamechoice - Mode choisi par l'utilisateur : 2
[INFO ] 2019-10-16 11:50:24.592 [main] HumanPlayer - Combinaison définie : 5
[INFO ] 2019-10-16 11:50:24.592 [main] HumanPlayer - Tentative de l'IA : 9
[INFO ] 2019-10-16 11:50:29.872 [main] HumanPlayer - Réponse du joueur: -
[INFO ] 2019-10-16 11:50:29.872 [main] HumanPlayer - Tentative de l'IA : 1
[INFO ] 2019-10-16 11:50:37.469 [main] HumanPlayer - Réponse du joueur: =
[INFO ] 2019-10-16 11:50:48.233 [main] HumanPlayer - Réponse du joueur: +
[INFO ] 2019-10-16 11:50:48.233 [main] GamePlay - Victoire du défenseur
[INFO ] 2019-10-16 11:50:53.764 [main] Main - Début d'une nouvelle partie
[INFO ] 2019-10-16 11:50:55.436 [main] GameMethode - Saisie utilisateur :2
[INFO ] 2019-10-16 11:50:55.436 [main] Gamechoice - Mode choisi par l'utilisateur : 2
[INFO ] 2019-10-16 11:50:59.982 [main] HumanPlayer - Combinaison définie : 678
[INFO ] 2019-10-16 11:50:59.982 [main] HumanPlayer - Tentative de l'IA : 183
[INFO ] 2019-10-16 11:51:15.857 [main] HumanPlayer - Réponse du joueur: +-+
[INFO ] 2019-10-16 11:51:15.857 [main] HumanPlayer - Tentative de l'IA : 437
[INFO ] 2019-10-16 11:51:37.625 [main] HumanPlayer - Réponse du joueur: +++
[INFO ] 2019-10-16 11:51:37.625 [main] HumanPlayer - Tentative de l'IA : 578
[INFO ] 2019-10-16 11:52:37.546 [main] HumanPlayer - Réponse du joueur: +==
[INFO ] 2019-10-16 11:52:37.561 [main] HumanPlayer - Tentative de l'IA : 678
[INFO ] 2019-10-16 11:52:43.748 [main] Main - Début d'une nouvelle partie
[INFO ] 2019-10-16 11:52:48.482 [main] GameMethode - Saisie utilisateur :2
[INFO ] 2019-10-16 11:52:48.482 [main] Gamechoice - Mode choisi par l'utilisateur : 2
[INFO ] 2019-10-16 11:52:50.814 [main] HumanPlayer - Combinaison définie : 555
[INFO ] 2019-10-16 11:52:50.814 [main] HumanPlayer - Tentative de l'IA : 271
[INFO ] 2019-10-16 11:53:00.203 [main] HumanPlayer - Réponse du joueur: +-+
[INFO ] 2019-10-16 11:53:00.203 [main] HumanPlayer - Tentative de l'IA : 365
[INFO ] 2019-10-16 11:53:17.906 [main] HumanPlayer - Réponse du joueur: +-=
[INFO ] 2019-10-16 11:53:17.906 [main] HumanPlayer - Tentative de l'IA : 455
[INFO ] 2019-10-16 11:54:03.035 [main] HumanPlayer - Réponse du joueur: +==
[INFO ] 2019-10-16 11:54:03.035 [main] HumanPlayer - Tentative de l'IA : 655
[INFO ] 2019-10-16 11:54:15.830 [main] HumanPlayer - Réponse du joueur: -==
[INFO ] 2019-10-16 11:54:15.830 [main] HumanPlayer - Tentative de l'IA : 455
[INFO ] 2019-10-16 11:54:21.233 [main] HumanPlayer - Réponse du joueur: +==
[INFO ] 2019-10-16 11:54:21.233 [main] HumanPlayer - Tentative de l'IA : 755
[INFO ] 2019-10-16 11:54:28.078 [main] HumanPlayer - Réponse du joueur: -==
[INFO ] 2019-10-16 11:54:28.078 [main] GamePlay - Victoire du défenseur
[INFO ] 2019-10-16 11:57:50.670 [main] Main - Début d'une nouvelle partie
[INFO ] 2019-10-16 11:57:52.669 [main] GameMethode - Saisie utilisateur :2
[INFO ] 2019-10-16 11:57:52.669 [main] Gamechoice - Mode choisi par l'utilisateur : 2
[INFO ] 2019-10-16 11:57:56.548 [main] HumanPlayer - Combinaison définie : 555
[INFO ] 2019-10-16 11:57:56.548 [main] HumanPlayer - Tentative de l'IA : 129
[INFO ] 2019-10-16 11:58:09.076 [main] HumanPlayer - Réponse du joueur: ++-
[INFO ] 2019-10-16 11:58:09.076 [main] HumanPlayer - Tentative de l'IA : 694
[INFO ] 2019-10-16 12:00:04.781 [main] HumanPlayer - Réponse du joueur: --+
[INFO ] 2019-10-16 12:00:04.781 [main] HumanPlayer - Tentative de l'IA : 418
[INFO ] 2019-10-16 12:06:01.295 [main] Main - Début d'une nouvelle partie
[INFO ] 2019-10-16 12:06:29.448 [main] Main - Début d'une nouvelle partie
[INFO ] 2019-10-16 12:06:33.280 [main] GameMethode - Saisie utilisateur :2
[INFO ] 2019-10-16 12:06:33.280 [main] Gamechoice - Mode choisi par l'utilisateur : 2
[INFO ] 2019-10-16 12:06:36.592 [main] HumanPlayer - Combinaison définie : 456
[INFO ] 2019-10-16 12:06:36.592 [main] HumanPlayer - Tentative de l'IA : 241
[INFO ] 2019-10-16 12:06:47.951 [main] HumanPlayer - Réponse du joueur: +++
[INFO ] 2019-10-16 12:06:47.951 [main] HumanPlayer - Tentative de l'IA : 859
[INFO ] 2019-10-16 12:18:25.578 [main] Main - Début d'une nouvelle partie
[INFO ] 2019-10-16 12:18:35.389 [main] GameMethode - Saisie utilisateur :1
[INFO ] 2019-10-16 12:18:35.389 [main] Gamechoice - Mode choisi par l'utilisateur : 1
[INFO ] 2019-10-16 12:19:01.750 [main] Main - Début d'une nouvelle partie
[INFO ] 2019-10-16 12:19:05.172 [main] GameMethode - Saisie utilisateur :1
[INFO ] 2019-10-16 12:19:05.172 [main] Gamechoice - Mode choisi par l'utilisateur : 1
[INFO ] 2019-10-16 12:19:07.405 [main] GameMethode - Saisie utilisateur :4
[INFO ] 2019-10-16 12:19:07.405 [main] HumanPlayer - Définition de la taille de combinaison souhaité : 4
[INFO ] 2019-10-16 12:19:07.405 [main] HumanPlayer - Combinaison définie par l'IA : 8329
[INFO ] 2019-10-16 12:38:02.523 [main] Main - Début d'une nouvelle partie
[INFO ] 2019-10-16 12:38:07.483 [main] GameMethode - Saisie utilisateur :2
[INFO ] 2019-10-16 12:38:07.483 [main] Gamechoice - Mode choisi par l'utilisateur : 2
[INFO ] 2019-10-16 12:38:10.343 [main] HumanPlayer - Combinaison définie : 456
[INFO ] 2019-10-16 12:38:10.343 [main] HumanPlayer - Tentative de l'IA : 640
[INFO ] 2019-10-16 12:56:05.014 [main] Main - Début d'une nouvelle partie
[INFO ] 2019-10-16 12:56:08.241 [main] GameMethode - Saisie utilisateur :2
[INFO ] 2019-10-16 12:56:08.241 [main] Gamechoice - Mode choisi par l'utilisateur : 2
[INFO ] 2019-10-16 12:56:12.982 [main] HumanPlayer - Combinaison définie : 567
[INFO ] 2019-10-16 12:56:12.982 [main] HumanPlayer - Tentative de l'IA : 771
[INFO ] 2019-10-16 12:56:45.874 [main] HumanPlayer - Réponse du joueur: --+
[INFO ] 2019-10-16 12:59:19.045 [main] Main - Début d'une nouvelle partie
[INFO ] 2019-10-16 12:59:21.560 [main] GameMethode - Saisie utilisateur :2
[INFO ] 2019-10-16 12:59:21.560 [main] Gamechoice - Mode choisi par l'utilisateur : 2
[INFO ] 2019-10-16 12:59:25.492 [main] HumanPlayer - Combinaison définie : 456
[INFO ] 2019-10-16 12:59:25.492 [main] HumanPlayer - Tentative de l'IA : 369
[INFO ] 2019-10-16 12:59:47.968 [main] HumanPlayer - Réponse du joueur: +--
[INFO ] 2019-10-16 12:59:47.968 [main] HumanPlayer - Tentative de l'IA : 655
[INFO ] 2019-10-16 13:01:12.639 [main] Main - Début d'une nouvelle partie
[INFO ] 2019-10-16 13:01:14.578 [main] GameMethode - Saisie utilisateur :2
[INFO ] 2019-10-16 13:01:14.578 [main] Gamechoice - Mode choisi par l'utilisateur : 2
[INFO ] 2019-10-16 13:01:17.124 [main] HumanPlayer - Combinaison définie : 456
[INFO ] 2019-10-16 13:01:17.124 [main] HumanPlayer - Tentative de l'IA : 414
[INFO ] 2019-10-16 13:01:24.310 [main] HumanPlayer - Réponse du joueur: =++
[INFO ] 2019-10-16 13:01:24.310 [main] HumanPlayer - Tentative de l'IA : 475
[INFO ] 2019-10-16 13:03:17.608 [main] Main - Début d'une nouvelle partie
[INFO ] 2019-10-16 13:03:19.810 [main] GameMethode - Saisie utilisateur :2
[INFO ] 2019-10-16 13:03:19.810 [main] Gamechoice - Mode choisi par l'utilisateur : 2
[INFO ] 2019-10-16 13:03:24.299 [main] HumanPlayer - Combinaison définie : 567
[INFO ] 2019-10-16 13:03:24.299 [main] HumanPlayer - Tentative de l'IA : 700
[INFO ] 2019-10-16 13:03:27.734 [main] HumanPlayer - Réponse du joueur: -++
[INFO ] 2019-10-16 13:03:27.734 [main] HumanPlayer - Tentative de l'IA : 022
[INFO ] 2019-10-16 13:03:50.202 [main] HumanPlayer - Réponse du joueur: +++
[INFO ] 2019-10-16 13:03:50.202 [main] HumanPlayer - Tentative de l'IA : 458
[INFO ] 2019-10-16 13:04:49.591 [main] HumanPlayer - Réponse du joueur: ++-
[INFO ] 2019-10-16 13:04:49.591 [main] HumanPlayer - Tentative de l'IA : 565
[INFO ] 2019-10-16 13:05:23.857 [main] HumanPlayer - Réponse du joueur: ==+
[INFO ] 2019-10-16 13:05:23.857 [main] HumanPlayer - Tentative de l'IA : 566
[INFO ] 2019-10-16 13:06:01.794 [main] HumanPlayer - Réponse du joueur: ==+
[INFO ] 2019-10-16 13:06:01.794 [main] HumanPlayer - Tentative de l'IA : 567
